Unity Editor version:    2022.2.4f1 (8216e0211249)
Branch:                  2022.2/staging
Build type:              Release
Batch mode:              YES
macOS version:           Version 11.6 (Build 20G165)
Darwin version:          20.6.0
Architecture:            arm64
Running under Rosetta:   NO
Available memory:        16384 MB
Using pre-set license
Pro License: YES

COMMAND LINE ARGUMENTS:
/Applications/Unity/Hub/Editor/2022.2.4f1/Unity.app/Contents/MacOS/Unity
-adb2
-batchMode
-noUpm
-name
AssetImportWorker0
-projectPath
/Users/xuruowen/Video game/VG2_RuowenXu
-logFile
Logs/AssetImportWorker0.log
-srvPort
53099
Successfully changed project path to: /Users/xuruowen/Video game/VG2_RuowenXu
/Users/xuruowen/Video game/VG2_RuowenXu
[UnityMemory] Configuration Parameters - Can be set up in boot.config
    "memorysetup-bucket-allocator-granularity=16"
    "memorysetup-bucket-allocator-bucket-count=8"
    "memorysetup-bucket-allocator-block-size=33554432"
    "memorysetup-bucket-allocator-block-count=8"
    "memorysetup-main-allocator-block-size=16777216"
    "memorysetup-thread-allocator-block-size=16777216"
    "memorysetup-gfx-main-allocator-block-size=16777216"
    "memorysetup-gfx-thread-allocator-block-size=16777216"
    "memorysetup-cache-allocator-block-size=4194304"
    "memorysetup-typetree-allocator-block-size=2097152"
    "memorysetup-profiler-bucket-allocator-granularity=16"
    "memorysetup-profiler-bucket-allocator-bucket-count=8"
    "memorysetup-profiler-bucket-allocator-block-size=33554432"
    "memorysetup-profiler-bucket-allocator-block-count=8"
    "memorysetup-profiler-allocator-block-size=16777216"
    "memorysetup-profiler-editor-allocator-block-size=1048576"
    "memorysetup-temp-allocator-size-main=16777216"
    "memorysetup-job-temp-allocator-block-size=2097152"
    "memorysetup-job-temp-allocator-block-size-background=1048576"
    "memorysetup-job-temp-allocator-reduction-small-platforms=262144"
    "memorysetup-temp-allocator-size-background-worker=32768"
    "memorysetup-temp-allocator-size-job-worker=262144"
    "memorysetup-temp-allocator-size-preload-manager=33554432"
    "memorysetup-temp-allocator-size-nav-mesh-worker=65536"
    "memorysetup-temp-allocator-size-audio-worker=65536"
    "memorysetup-temp-allocator-size-cloud-worker=32768"
    "memorysetup-temp-allocator-size-gi-baking-worker=262144"
    "memorysetup-temp-allocator-size-gfx=262144"
Player connection [4402036032] Host "[IP] 192.168.1.84 [Port] 0 [Flags] 2 [Guid] 3522800832 [EditorId] 3522800832 [Version] 1048832 [Id] OSXEditor(0,xuruowendeMBP.lan) [Debug] 1 [PackageName] OSXEditor [ProjectName] Editor" joined multi-casting on [225.0.0.222:54997]...

Player connection [4402036032] Host "[IP] 192.168.1.84 [Port] 0 [Flags] 2 [Guid] 3522800832 [EditorId] 3522800832 [Version] 1048832 [Id] OSXEditor(0,xuruowendeMBP.lan) [Debug] 1 [PackageName] OSXEditor [ProjectName] Editor" joined alternative multi-casting on [225.0.0.222:34997]...

Refreshing native plugins compatible for Editor in 6.67 ms, found 2 plugins.
Preloading 0 native plugins for Editor in 0.00 ms.
Initialize engine version: 2022.2.4f1 (8216e0211249)
[Subsystems] Discovering subsystems at path /Applications/Unity/Hub/Editor/2022.2.4f1/Unity.app/Contents/Resources/UnitySubsystems
[Subsystems] Discovering subsystems at path /Users/xuruowen/Video game/VG2_RuowenXu/Assets
GfxDevice: creating device client; threaded=0; jobified=0
 preferred device: Apple M1 (high power)
Metal devices available: 1
0: Apple M1 (high power)
Using device Apple M1 (high power)
Initializing Metal device caps: Apple M1
Initialize mono
Mono path[0] = '/Applications/Unity/Hub/Editor/2022.2.4f1/Unity.app/Contents/Managed'
Mono path[1] = '/Applications/Unity/Hub/Editor/2022.2.4f1/Unity.app/Contents/MonoBleedingEdge/lib/mono/unityjit-macos'
Mono config path = '/Applications/Unity/Hub/Editor/2022.2.4f1/Unity.app/Contents/MonoBleedingEdge/etc'
Using monoOptions --debugger-agent=transport=dt_socket,embedding=1,server=y,suspend=n,address=127.0.0.1:56886
Begin MonoManager ReloadAssembly
Registering precompiled unity dll's ...
Register platform support module: /Applications/Unity/Hub/Editor/2022.2.4f1/Unity.app/Contents/PlaybackEngines/MacStandaloneSupport/UnityEditor.OSXStandalone.Extensions.dll
Registered in 0.000876 seconds.
- Loaded All Assemblies, in  0.246 seconds
Native extension for OSXStandalone target not found
Mono: successfully reloaded assembly
- Finished resetting the current domain, in  0.189 seconds
Domain Reload Profiling:
	ReloadAssembly (150ms)
		BeginReloadAssembly (71ms)
			ExecutionOrderSort (0ms)
			DisableScriptedObjects (0ms)
			BackupInstance (0ms)
			ReleaseScriptingObjects (0ms)
			CreateAndSetChildDomain (1ms)
		LoadAllAssembliesAndSetupDomain (0ms)
			LoadAssemblies (71ms)
			RebuildTransferFunctionScriptingTraits (0ms)
			SetupTypeCache (93ms)
				TypeCache.Initialize (93ms)
					TypeCache.ScanAssembly (92ms)
				ResolveRequiredComponents (0ms)
		FinalizeReload (0ms)
			ReleaseScriptCaches (0ms)
			RebuildScriptCaches (0ms)
			SetupLoadedEditorAssemblies (145ms)
				LogAssemblyErrors (0ms)
				InitializePlatformSupportModulesInManaged (5ms)
				SetLoadedEditorAssemblies (6ms)
				RefreshPlugins (0ms)
				BeforeProcessingInitializeOnLoad (1ms)
				ProcessInitializeOnLoadAttributes (101ms)
				ProcessInitializeOnLoadMethodAttributes (33ms)
				AfterProcessingInitializeOnLoad (0ms)
				EditorAssembliesLoaded (0ms)
			ExecutionOrderSort2 (0ms)
			AwakeInstancesAfterBackupRestoration (0ms)
========================================================================
Worker process is ready to serve import requests
Begin MonoManager ReloadAssembly
Symbol file LoadedFromMemory doesn't match image /Users/xuruowen/Video game/VG2_RuowenXu/Library/PackageCache/com.unity.visualscripting@1.8.0/Editor/VisualScripting.Core/Dependencies/YamlDotNet/Unity.VisualScripting.YamlDotNet.dll
Symbol file LoadedFromMemory doesn't match image /Users/xuruowen/Video game/VG2_RuowenXu/Library/PackageCache/com.unity.visualscripting@1.8.0/Editor/VisualScripting.Core/Dependencies/DotNetZip/Unity.VisualScripting.IonicZip.dll
- Loaded All Assemblies, in  0.797 seconds
Refreshing native plugins compatible for Editor in 0.82 ms, found 2 plugins.
Native extension for OSXStandalone target not found
Mono: successfully reloaded assembly
- Finished resetting the current domain, in  0.449 seconds
Domain Reload Profiling:
	ReloadAssembly (168ms)
		BeginReloadAssembly (90ms)
			ExecutionOrderSort (0ms)
			DisableScriptedObjects (4ms)
			BackupInstance (0ms)
			ReleaseScriptingObjects (0ms)
			CreateAndSetChildDomain (28ms)
		LoadAllAssembliesAndSetupDomain (629ms)
			LoadAssemblies (257ms)
			RebuildTransferFunctionScriptingTraits (0ms)
			SetupTypeCache (402ms)
				TypeCache.Initialize (230ms)
					TypeCache.ScanAssembly (228ms)
				ResolveRequiredComponents (4ms)
		FinalizeReload (0ms)
			ReleaseScriptCaches (0ms)
			RebuildScriptCaches (0ms)
			SetupLoadedEditorAssemblies (327ms)
				LogAssemblyErrors (0ms)
				InitializePlatformSupportModulesInManaged (3ms)
				SetLoadedEditorAssemblies (5ms)
				RefreshPlugins (0ms)
				BeforeProcessingInitializeOnLoad (70ms)
				ProcessInitializeOnLoadAttributes (231ms)
				ProcessInitializeOnLoadMethodAttributes (16ms)
				AfterProcessingInitializeOnLoad (1ms)
				EditorAssembliesLoaded (0ms)
			ExecutionOrderSort2 (0ms)
			AwakeInstancesAfterBackupRestoration (2ms)
Launching external process: /Applications/Unity/Hub/Editor/2022.2.4f1/Unity.app/Contents/Tools/UnityShaderCompiler
Launched and connected shader compiler UnityShaderCompiler after 0.05 seconds
Refreshing native plugins compatible for Editor in 0.99 ms, found 2 plugins.
Preloading 0 native plugins for Editor in 0.00 ms.
Unloading 3973 Unused Serialized files (Serialized files now loaded: 0)
Unloading 43 unused Assets / (204.6 KB). Loaded Objects now: 4434.
Memory consumption went from 0.74 GB to 0.74 GB.
Total: 3.185041 ms (FindLiveObjects: 0.161750 ms CreateObjectMapping: 0.055459 ms MarkObjects: 2.604416 ms  DeleteObjects: 0.362667 ms)

AssetImportParameters requested are different than current active one (requested -> active):
  custom:container-demuxer-ogg: 62fdf1f143b41e24485cea50d1cbac27 -> 
  custom:video-decoder-ogg-theora: a1e56fd34408186e4bbccfd4996cb3dc -> 
  custom:container-demuxer-webm: 4f35f7cbe854078d1ac9338744f61a02 -> 
  custom:container-muxer-webm: aa71ff27fc2769a1b78a27578f13a17b -> 
  custom:video-decoder-webm-vp8: 9c59270c3fd7afecdb556c50c9e8de78 -> 
  custom:AudioImporter_EditorPlatform: 3918e3fc78b5a79bad01e8451be0beb8 -> 
  custom:framework-osx-AVFoundation: e770b220cccbd017edd2c1fefb359320 -> 
  custom:video-encoder-webm-vp8: eb34c28f22e8b96e1ab97ce403110664 -> 
  custom:audio-decoder-ogg-vorbis: bf7c407c2cedff20999df2af8eb42d56 -> 
  custom:audio-encoder-webm-vorbis: bf7c407c2cedff20999df2af8eb42d56 -> 
========================================================================
Received Import Request.
  Time since last request: 587531.044379 seconds.
  path: Assets/StarterAssets/Readme.asset
  artifactKey: Guid(4181bfe715a83e843b7538d750dc57cc) Importer(815301076,1909f56bfc062723c751e8b465ee728b)
Number of updated assets reloaded before import = 0
Start importing Assets/StarterAssets/Readme.asset using Guid(4181bfe715a83e843b7538d750dc57cc) Importer(815301076,1909f56bfc062723c751e8b465ee728b)  -> (artifact id: 'fb57499122acd4002bb2f3bb1276480b') in 0.010394 seconds 
Number of asset objects unloaded after import = 2
========================================================================
Received Import Request.
  Time since last request: 1.488789 seconds.
  path: Assets/StarterAssets/Editor
  artifactKey: Guid(577651ee23b1b8342a827136803910fb) Importer(815301076,1909f56bfc062723c751e8b465ee728b)
Number of updated assets reloaded before import = 0
Start importing Assets/StarterAssets/Editor using Guid(577651ee23b1b8342a827136803910fb) Importer(815301076,1909f56bfc062723c751e8b465ee728b)  -> (artifact id: '15cca30087b51929416b3c58c5f4f5d6') in 0.000554 seconds 
Number of asset objects unloaded after import = 0
========================================================================
Received Import Request.
  Time since last request: 2.310907 seconds.
  path: Assets/StarterAssets/FirstPersonController
  artifactKey: Guid(24b6cfc1f7567ec448cc19d73d593576) Importer(815301076,1909f56bfc062723c751e8b465ee728b)
Number of updated assets reloaded before import = 0
Start importing Assets/StarterAssets/FirstPersonController using Guid(24b6cfc1f7567ec448cc19d73d593576) Importer(815301076,1909f56bfc062723c751e8b465ee728b)  -> (artifact id: 'fd14a392d4fbfbf574e2e9c380333e2a') in 0.000478 seconds 
Number of asset objects unloaded after import = 0
========================================================================
Received Import Request.
  Time since last request: 9.886671 seconds.
  path: Assets/New Terrain.asset
  artifactKey: Guid(2c65e64fab2054811a9990751c355210) Importer(815301076,1909f56bfc062723c751e8b465ee728b)
Number of updated assets reloaded before import = 0
Start importing Assets/New Terrain.asset using Guid(2c65e64fab2054811a9990751c355210) Importer(815301076,1909f56bfc062723c751e8b465ee728b)  -> (artifact id: 'b7b52a3e189d3f9ef0089df0349abd36') in 0.047308 seconds 
Number of asset objects unloaded after import = 10
========================================================================
Received Import Request.
  Time since last request: 0.000045 seconds.
  path: Assets/TerrainData_5b33dbde-6286-489c-a050-438aaeb4c35a.asset
  artifactKey: Guid(61203febb83bd465aaeae32e9bf5b518) Importer(815301076,1909f56bfc062723c751e8b465ee728b)
Number of updated assets reloaded before import = 0
Start importing Assets/TerrainData_5b33dbde-6286-489c-a050-438aaeb4c35a.asset using Guid(61203febb83bd465aaeae32e9bf5b518) Importer(815301076,1909f56bfc062723c751e8b465ee728b)  -> (artifact id: 'f2ffd04afc1afe758a012e3c3a22d0d5') in 0.009584 seconds 
Number of asset objects unloaded after import = 3
========================================================================
Received Import Request.
  Time since last request: 0.000040 seconds.
  path: Assets/TerrainData_55649fbe-5898-4398-870e-f714ae13dc8c.asset
  artifactKey: Guid(f59ab7a96227943fb9408a5b5af44207) Importer(815301076,1909f56bfc062723c751e8b465ee728b)
Number of updated assets reloaded before import = 0
Start importing Assets/TerrainData_55649fbe-5898-4398-870e-f714ae13dc8c.asset using Guid(f59ab7a96227943fb9408a5b5af44207) Importer(815301076,1909f56bfc062723c751e8b465ee728b)  -> (artifact id: '0b1729ef6a1a83766e5c39232ce5f8fe') in 0.007921 seconds 
Number of asset objects unloaded after import = 3
========================================================================
Received Import Request.
  Time since last request: 0.781820 seconds.
  path: Assets/Code
  artifactKey: Guid(d5e0c194627854f94bf824cb5cdf04ae) Importer(815301076,1909f56bfc062723c751e8b465ee728b)
Number of updated assets reloaded before import = 0
Start importing Assets/Code using Guid(d5e0c194627854f94bf824cb5cdf04ae) Importer(815301076,1909f56bfc062723c751e8b465ee728b)  -> (artifact id: '522072b3c3f634045faee80408467fd8') in 0.000443 seconds 
Number of asset objects unloaded after import = 0
========================================================================
Received Import Request.
  Time since last request: 1.115178 seconds.
  path: Assets/Scenes
  artifactKey: Guid(f82da7c93547749dab8bc60592461a12) Importer(815301076,1909f56bfc062723c751e8b465ee728b)
Number of updated assets reloaded before import = 0
Start importing Assets/Scenes using Guid(f82da7c93547749dab8bc60592461a12) Importer(815301076,1909f56bfc062723c751e8b465ee728b)  -> (artifact id: 'c99aa74dbafe4fbb8aee45c71e2d0b89') in 0.000475 seconds 
Number of asset objects unloaded after import = 0
========================================================================
Received Import Request.
  Time since last request: 2.148623 seconds.
  path: Assets/Scenes/Q3.unity
  artifactKey: Guid(c4593cd6ba50445ca985c10ade4d002b) Importer(815301076,1909f56bfc062723c751e8b465ee728b)
Number of updated assets reloaded before import = 0
Start importing Assets/Scenes/Q3.unity using Guid(c4593cd6ba50445ca985c10ade4d002b) Importer(815301076,1909f56bfc062723c751e8b465ee728b)  -> (artifact id: 'b579d3f9a9b4700b565190bb5726e898') in 0.000486 seconds 
Number of asset objects unloaded after import = 0
========================================================================
Received Import Request.
  Time since last request: 69.381342 seconds.
  path: Assets/Scenes/Q4.unity
  artifactKey: Guid(3cee8d789d55d4340a87524c78590fa8) Importer(815301076,1909f56bfc062723c751e8b465ee728b)
Number of updated assets reloaded before import = 0
Start importing Assets/Scenes/Q4.unity using Guid(3cee8d789d55d4340a87524c78590fa8) Importer(815301076,1909f56bfc062723c751e8b465ee728b)  -> (artifact id: '209b2e3b12fc261cb15c8128de6bbbcc') in 0.000343 seconds 
Number of asset objects unloaded after import = 0
========================================================================
Received Import Request.
  Time since last request: 102.970303 seconds.
  path: Assets/TerrainSampleAssets/Textures/Terrain/Grass_A_BaseColor.tif
  artifactKey: Guid(b39336e67b68db14aa4a8a7f883e5aff) Importer(815301076,1909f56bfc062723c751e8b465ee728b)
Number of updated assets reloaded before import = 0
Start importing Assets/TerrainSampleAssets/Textures/Terrain/Grass_A_BaseColor.tif using Guid(b39336e67b68db14aa4a8a7f883e5aff) Importer(815301076,1909f56bfc062723c751e8b465ee728b)  -> (artifact id: '43312664e9139ddd1538ff03539e0670') in 0.008488 seconds 
Number of asset objects unloaded after import = 2
========================================================================
Received Import Request.
  Time since last request: 0.000095 seconds.
  path: Assets/TerrainSampleAssets/Textures/Terrain/Rock_BaseColor.tif
  artifactKey: Guid(7e35234e281d141418972228ee38415e) Importer(815301076,1909f56bfc062723c751e8b465ee728b)
Number of updated assets reloaded before import = 0
Start importing Assets/TerrainSampleAssets/Textures/Terrain/Rock_BaseColor.tif using Guid(7e35234e281d141418972228ee38415e) Importer(815301076,1909f56bfc062723c751e8b465ee728b)  -> (artifact id: '4cd51163fe7a5f9809b86b7022b68e39') in 0.006630 seconds 
Number of asset objects unloaded after import = 2
========================================================================
Received Import Request.
  Time since last request: 0.000037 seconds.
  path: Assets/TerrainSampleAssets/Textures/Terrain/Muddy_BaseColor.tif
  artifactKey: Guid(311fa94216ea77342a20e99b01ed6e69) Importer(815301076,1909f56bfc062723c751e8b465ee728b)
Number of updated assets reloaded before import = 0
Start importing Assets/TerrainSampleAssets/Textures/Terrain/Muddy_BaseColor.tif using Guid(311fa94216ea77342a20e99b01ed6e69) Importer(815301076,1909f56bfc062723c751e8b465ee728b)  -> (artifact id: 'a81bd72d5467319bc3a6d4511fa7ebd9') in 0.006503 seconds 
Number of asset objects unloaded after import = 2
========================================================================
Received Import Request.
  Time since last request: 0.000037 seconds.
  path: Assets/TerrainSampleAssets/Textures/Terrain/Snow_BaseColor.tif
  artifactKey: Guid(ffa01093856b873448237de84289ee85) Importer(815301076,1909f56bfc062723c751e8b465ee728b)
Number of updated assets reloaded before import = 0
Start importing Assets/TerrainSampleAssets/Textures/Terrain/Snow_BaseColor.tif using Guid(ffa01093856b873448237de84289ee85) Importer(815301076,1909f56bfc062723c751e8b465ee728b)  -> (artifact id: '951f49ea86cadc7638e034523072870d') in 0.005850 seconds 
Number of asset objects unloaded after import = 2
========================================================================
Received Import Request.
  Time since last request: 2.889000 seconds.
  path: Assets/TerrainSampleAssets/Prefabs/Fern_C.prefab
  artifactKey: Guid(4786e2698ac97a949a9209febfcbd49b) Importer(815301076,1909f56bfc062723c751e8b465ee728b)
Number of updated assets reloaded before import = 0
Start importing Assets/TerrainSampleAssets/Prefabs/Fern_C.prefab using Guid(4786e2698ac97a949a9209febfcbd49b) Importer(815301076,1909f56bfc062723c751e8b465ee728b)  -> (artifact id: '00d6936564c3cea42b2f6e1cb61e5d97') in 0.250296 seconds 
Number of asset objects unloaded after import = 11
========================================================================
Received Import Request.
  Time since last request: 39.519764 seconds.
  path: Assets/TerrainSampleAssets/TerrainLayers/Snow_TerrainLayer.terrainlayer
  artifactKey: Guid(59b98ca43f27d8c4a89d4058d2a962e5) Importer(815301076,1909f56bfc062723c751e8b465ee728b)
Number of updated assets reloaded before import = 0
Start importing Assets/TerrainSampleAssets/TerrainLayers/Snow_TerrainLayer.terrainlayer using Guid(59b98ca43f27d8c4a89d4058d2a962e5) Importer(815301076,1909f56bfc062723c751e8b465ee728b)  -> (artifact id: '163ca625d9e3c56a0f8201004b02d66e') in 0.023042 seconds 
Number of asset objects unloaded after import = 5
========================================================================
Received Import Request.
  Time since last request: 0.000969 seconds.
  path: Assets/TerrainSampleAssets/Textures/Terrain/Snow_Normal.tif
  artifactKey: Guid(baca4d94b1d1d8046ab52ce1570a24c7) Importer(815301076,1909f56bfc062723c751e8b465ee728b)
Number of updated assets reloaded before import = 0
Start importing Assets/TerrainSampleAssets/Textures/Terrain/Snow_Normal.tif using Guid(baca4d94b1d1d8046ab52ce1570a24c7) Importer(815301076,1909f56bfc062723c751e8b465ee728b)  -> (artifact id: 'c062d05ceeacc0c5490d213cef8ca5fe') in 0.011103 seconds 
Number of asset objects unloaded after import = 2
========================================================================
Received Import Request.
  Time since last request: 0.000056 seconds.
  path: Assets/TerrainSampleAssets/Textures/Terrain/Snow_MaskMap.tif
  artifactKey: Guid(5d46f74cdeedd7941ba8cd7cb7ebb40c) Importer(815301076,1909f56bfc062723c751e8b465ee728b)
Number of updated assets reloaded before import = 0
Start importing Assets/TerrainSampleAssets/Textures/Terrain/Snow_MaskMap.tif using Guid(5d46f74cdeedd7941ba8cd7cb7ebb40c) Importer(815301076,1909f56bfc062723c751e8b465ee728b)  -> (artifact id: 'a5655254ed2849aab253442a77e10fa1') in 0.009524 seconds 
Number of asset objects unloaded after import = 2
========================================================================
Received Import Request.
  Time since last request: 33.645184 seconds.
  path: Assets/TerrainSampleAssets/TerrainLayers/Rock_TerrainLayer.terrainlayer
  artifactKey: Guid(c997c17aa360cb749a27932fe3bdfcce) Importer(815301076,1909f56bfc062723c751e8b465ee728b)
Number of updated assets reloaded before import = 0
Start importing Assets/TerrainSampleAssets/TerrainLayers/Rock_TerrainLayer.terrainlayer using Guid(c997c17aa360cb749a27932fe3bdfcce) Importer(815301076,1909f56bfc062723c751e8b465ee728b)  -> (artifact id: 'f3010c5ab7c663638a9a469efa799003') in 0.014529 seconds 
Number of asset objects unloaded after import = 5
========================================================================
Received Import Request.
  Time since last request: 0.000063 seconds.
  path: Assets/TerrainSampleAssets/Textures/Terrain/Rock_MaskMap.tif
  artifactKey: Guid(30b51375156b10e4780537d5793a26c9) Importer(815301076,1909f56bfc062723c751e8b465ee728b)
Number of updated assets reloaded before import = 0
Start importing Assets/TerrainSampleAssets/Textures/Terrain/Rock_MaskMap.tif using Guid(30b51375156b10e4780537d5793a26c9) Importer(815301076,1909f56bfc062723c751e8b465ee728b)  -> (artifact id: '37be829e61478be26b6583cc232c2ccd') in 0.007912 seconds 
Number of asset objects unloaded after import = 2
========================================================================
Received Import Request.
  Time since last request: 0.000057 seconds.
  path: Assets/TerrainSampleAssets/Textures/Terrain/Rock_Normal.tif
  artifactKey: Guid(d39a1b9e5d5c7b9499f579fa5c70a2a3) Importer(815301076,1909f56bfc062723c751e8b465ee728b)
Number of updated assets reloaded before import = 0
Start importing Assets/TerrainSampleAssets/Textures/Terrain/Rock_Normal.tif using Guid(d39a1b9e5d5c7b9499f579fa5c70a2a3) Importer(815301076,1909f56bfc062723c751e8b465ee728b)  -> (artifact id: '66874bb9a2cb1cf9571ba59ad4f192e8') in 0.007686 seconds 
Number of asset objects unloaded after import = 2
========================================================================
Received Import Request.
  Time since last request: 18.934483 seconds.
  path: Assets/TerrainSampleAssets/TerrainLayers/Muddy_TerrainLayer.terrainlayer
  artifactKey: Guid(091511b8c4f042c4082a4d5af73e92c7) Importer(815301076,1909f56bfc062723c751e8b465ee728b)
Number of updated assets reloaded before import = 0
Start importing Assets/TerrainSampleAssets/TerrainLayers/Muddy_TerrainLayer.terrainlayer using Guid(091511b8c4f042c4082a4d5af73e92c7) Importer(815301076,1909f56bfc062723c751e8b465ee728b)  -> (artifact id: 'c02a37582d3d66e31176d4c8808bb73b') in 0.014033 seconds 
Number of asset objects unloaded after import = 5
========================================================================
Received Import Request.
  Time since last request: 0.000056 seconds.
  path: Assets/TerrainSampleAssets/Textures/Terrain/Muddy_MaskMap.tif
  artifactKey: Guid(69ac4ffc59a4b194c9f03bec38be51ae) Importer(815301076,1909f56bfc062723c751e8b465ee728b)
Number of updated assets reloaded before import = 0
Start importing Assets/TerrainSampleAssets/Textures/Terrain/Muddy_MaskMap.tif using Guid(69ac4ffc59a4b194c9f03bec38be51ae) Importer(815301076,1909f56bfc062723c751e8b465ee728b)  -> (artifact id: '3a428fee0122ece9fb2541f6e4f95307') in 0.007280 seconds 
Number of asset objects unloaded after import = 2
========================================================================
Received Import Request.
  Time since last request: 0.000051 seconds.
  path: Assets/TerrainSampleAssets/Textures/Terrain/Muddy_Normal.tif
  artifactKey: Guid(86f7d07dde38b154188fd60359df541e) Importer(815301076,1909f56bfc062723c751e8b465ee728b)
Number of updated assets reloaded before import = 0
Start importing Assets/TerrainSampleAssets/Textures/Terrain/Muddy_Normal.tif using Guid(86f7d07dde38b154188fd60359df541e) Importer(815301076,1909f56bfc062723c751e8b465ee728b)  -> (artifact id: 'a449d9f0bd5f1d16a8f4da1fdba4e959') in 0.007525 seconds 
Number of asset objects unloaded after import = 2
========================================================================
Received Prepare
Begin MonoManager ReloadAssembly
Thread 0x2ba24f000 may have been prematurely finalized
Symbol file LoadedFromMemory doesn't match image /Users/xuruowen/Video game/VG2_RuowenXu/Library/PackageCache/com.unity.visualscripting@1.8.0/Editor/VisualScripting.Core/Dependencies/YamlDotNet/Unity.VisualScripting.YamlDotNet.dll
Symbol file LoadedFromMemory doesn't match image /Users/xuruowen/Video game/VG2_RuowenXu/Library/PackageCache/com.unity.visualscripting@1.8.0/Editor/VisualScripting.Core/Dependencies/DotNetZip/Unity.VisualScripting.IonicZip.dll
- Loaded All Assemblies, in  0.614 seconds
Refreshing native plugins compatible for Editor in 0.81 ms, found 2 plugins.
Native extension for OSXStandalone target not found
Mono: successfully reloaded assembly
- Finished resetting the current domain, in  0.878 seconds
Domain Reload Profiling:
	ReloadAssembly (148ms)
		BeginReloadAssembly (95ms)
			ExecutionOrderSort (0ms)
			DisableScriptedObjects (3ms)
			BackupInstance (0ms)
			ReleaseScriptingObjects (0ms)
			CreateAndSetChildDomain (44ms)
		LoadAllAssembliesAndSetupDomain (466ms)
			LoadAssemblies (131ms)
			RebuildTransferFunctionScriptingTraits (0ms)
			SetupTypeCache (357ms)
				TypeCache.Initialize (209ms)
					TypeCache.ScanAssembly (206ms)
				ResolveRequiredComponents (4ms)
		FinalizeReload (0ms)
			ReleaseScriptCaches (0ms)
			RebuildScriptCaches (0ms)
			SetupLoadedEditorAssemblies (459ms)
				LogAssemblyErrors (0ms)
				InitializePlatformSupportModulesInManaged (4ms)
				SetLoadedEditorAssemblies (12ms)
				RefreshPlugins (0ms)
				BeforeProcessingInitializeOnLoad (102ms)
				ProcessInitializeOnLoadAttributes (315ms)
				ProcessInitializeOnLoadMethodAttributes (26ms)
				AfterProcessingInitializeOnLoad (1ms)
				EditorAssembliesLoaded (0ms)
			ExecutionOrderSort2 (0ms)
			AwakeInstancesAfterBackupRestoration (3ms)
Refreshing native plugins compatible for Editor in 0.85 ms, found 2 plugins.
Preloading 0 native plugins for Editor in 0.00 ms.
Unloading 3945 Unused Serialized files (Serialized files now loaded: 0)
Unloading 26 unused Assets / (0.6 MB). Loaded Objects now: 4464.
Memory consumption went from 0.73 GB to 0.73 GB.
Total: 2.653917 ms (FindLiveObjects: 0.174375 ms CreateObjectMapping: 0.053208 ms MarkObjects: 2.228875 ms  DeleteObjects: 0.196875 ms)

AssetImportParameters requested are different than current active one (requested -> active):
  custom:container-demuxer-ogg: 62fdf1f143b41e24485cea50d1cbac27 -> 
  custom:video-decoder-ogg-theora: a1e56fd34408186e4bbccfd4996cb3dc -> 
  custom:container-demuxer-webm: 4f35f7cbe854078d1ac9338744f61a02 -> 
  custom:container-muxer-webm: aa71ff27fc2769a1b78a27578f13a17b -> 
  custom:video-decoder-webm-vp8: 9c59270c3fd7afecdb556c50c9e8de78 -> 
  custom:AudioImporter_EditorPlatform: 3918e3fc78b5a79bad01e8451be0beb8 -> 
  custom:framework-osx-AVFoundation: e770b220cccbd017edd2c1fefb359320 -> 
  custom:video-encoder-webm-vp8: eb34c28f22e8b96e1ab97ce403110664 -> 
  custom:audio-decoder-ogg-vorbis: bf7c407c2cedff20999df2af8eb42d56 -> 
  custom:audio-encoder-webm-vorbis: bf7c407c2cedff20999df2af8eb42d56 -> 
